{"/Users/subhashchandra/react-concepts/src/components/Search/index.jsx": {"path":"/Users/subhashchandra/react-concepts/src/components/Search/index.jsx","statementMap":{"0":{"start":{"line":4,"column":15},"end":{"line":11,"column":1}},"1":{"start":{"line":5,"column":2},"end":{"line":10,"column":4}},"2":{"start":{"line":13,"column":16},"end":{"line":14,"column":66}},"3":{"start":{"line":14,"column":2},"end":{"line":14,"column":66}},"4":{"start":{"line":16,"column":25},"end":{"line":44,"column":1}},"5":{"start":{"line":17,"column":28},"end":{"line":17,"column":40}},"6":{"start":{"line":18,"column":26},"end":{"line":18,"column":40}},"7":{"start":{"line":20,"column":2},"end":{"line":27,"column":9}},"8":{"start":{"line":22,"column":23},"end":{"line":22,"column":38}},"9":{"start":{"line":23,"column":6},"end":{"line":23,"column":24}},"10":{"start":{"line":26,"column":4},"end":{"line":26,"column":15}},"11":{"start":{"line":29,"column":26},"end":{"line":31,"column":3}},"12":{"start":{"line":30,"column":4},"end":{"line":30,"column":29}},"13":{"start":{"line":33,"column":2},"end":{"line":33,"column":28}},"14":{"start":{"line":35,"column":2},"end":{"line":43,"column":4}}},"fnMap":{"0":{"name":"(anonymous_0)","decl":{"start":{"line":4,"column":15},"end":{"line":4,"column":16}},"loc":{"start":{"line":4,"column":50},"end":{"line":11,"column":1}},"line":4},"1":{"name":"(anonymous_1)","decl":{"start":{"line":13,"column":16},"end":{"line":13,"column":17}},"loc":{"start":{"line":14,"column":2},"end":{"line":14,"column":66}},"line":14},"2":{"name":"(anonymous_2)","decl":{"start":{"line":16,"column":25},"end":{"line":16,"column":26}},"loc":{"start":{"line":16,"column":31},"end":{"line":44,"column":1}},"line":16},"3":{"name":"(anonymous_3)","decl":{"start":{"line":20,"column":12},"end":{"line":20,"column":13}},"loc":{"start":{"line":20,"column":18},"end":{"line":27,"column":3}},"line":20},"4":{"name":"loadUser","decl":{"start":{"line":21,"column":19},"end":{"line":21,"column":27}},"loc":{"start":{"line":21,"column":30},"end":{"line":24,"column":5}},"line":21},"5":{"name":"(anonymous_5)","decl":{"start":{"line":29,"column":26},"end":{"line":29,"column":27}},"loc":{"start":{"line":29,"column":33},"end":{"line":31,"column":3}},"line":29}},"branchMap":{"0":{"loc":{"start":{"line":37,"column":7},"end":{"line":37,"column":53}},"type":"cond-expr","locations":[{"start":{"line":37,"column":14},"end":{"line":37,"column":46}},{"start":{"line":37,"column":49},"end":{"line":37,"column":53}}],"line":37},"1":{"loc":{"start":{"line":41,"column":23},"end":{"line":41,"column":44}},"type":"cond-expr","locations":[{"start":{"line":41,"column":31},"end":{"line":41,"column":36}},{"start":{"line":41,"column":39},"end":{"line":41,"column":44}}],"line":41}},"s":{"0":1,"1":5,"2":1,"3":2,"4":1,"5":5,"6":5,"7":5,"8":2,"9":2,"10":2,"11":5,"12":1,"13":5,"14":5},"f":{"0":5,"1":2,"2":5,"3":2,"4":2,"5":1},"b":{"0":[3,2],"1":[1,4]},"_coverageSchema":"1a1c01bbd47fc00a2c39e90264f33305004495a9","hash":"7b3b3d5799adc37d5f4b0fe01d90dbb0b884ad0c"}
,"/Users/subhashchandra/react-concepts/src/components/checkbox/index.jsx": {"path":"/Users/subhashchandra/react-concepts/src/components/checkbox/index.jsx","statementMap":{"0":{"start":{"line":3,"column":17},"end":{"line":16,"column":1}},"1":{"start":{"line":4,"column":32},"end":{"line":4,"column":47}},"2":{"start":{"line":6,"column":26},"end":{"line":8,"column":3}},"3":{"start":{"line":7,"column":4},"end":{"line":7,"column":34}},"4":{"start":{"line":7,"column":26},"end":{"line":7,"column":32}},"5":{"start":{"line":10,"column":2},"end":{"line":15,"column":4}}},"fnMap":{"0":{"name":"(anonymous_0)","decl":{"start":{"line":3,"column":17},"end":{"line":3,"column":18}},"loc":{"start":{"line":3,"column":44},"end":{"line":16,"column":1}},"line":3},"1":{"name":"(anonymous_1)","decl":{"start":{"line":6,"column":26},"end":{"line":6,"column":27}},"loc":{"start":{"line":6,"column":32},"end":{"line":8,"column":3}},"line":6},"2":{"name":"(anonymous_2)","decl":{"start":{"line":7,"column":15},"end":{"line":7,"column":16}},"loc":{"start":{"line":7,"column":26},"end":{"line":7,"column":32}},"line":7}},"branchMap":{"0":{"loc":{"start":{"line":13,"column":7},"end":{"line":13,"column":35}},"type":"cond-expr","locations":[{"start":{"line":13,"column":17},"end":{"line":13,"column":24}},{"start":{"line":13,"column":27},"end":{"line":13,"column":35}}],"line":13}},"s":{"0":1,"1":2,"2":2,"3":1,"4":1,"5":2},"f":{"0":2,"1":1,"2":1},"b":{"0":[1,1]},"_coverageSchema":"1a1c01bbd47fc00a2c39e90264f33305004495a9","hash":"c20143c992aef32760e43a44f7ffa38b332f660f"}
,"/Users/subhashchandra/react-concepts/src/components/counterController/counter.jsx": {"path":"/Users/subhashchandra/react-concepts/src/components/counterController/counter.jsx","statementMap":{"0":{"start":{"line":4,"column":16},"end":{"line":29,"column":1}},"1":{"start":{"line":5,"column":28},"end":{"line":5,"column":39}},"2":{"start":{"line":6,"column":28},"end":{"line":6,"column":43}},"3":{"start":{"line":8,"column":18},"end":{"line":8,"column":27}},"4":{"start":{"line":10,"column":2},"end":{"line":12,"column":3}},"5":{"start":{"line":11,"column":4},"end":{"line":11,"column":26}},"6":{"start":{"line":14,"column":27},"end":{"line":16,"column":3}},"7":{"start":{"line":15,"column":4},"end":{"line":15,"column":24}},"8":{"start":{"line":18,"column":2},"end":{"line":28,"column":4}},"9":{"start":{"line":21,"column":26},"end":{"line":21,"column":40}},"10":{"start":{"line":22,"column":26},"end":{"line":22,"column":41}}},"fnMap":{"0":{"name":"(anonymous_0)","decl":{"start":{"line":4,"column":16},"end":{"line":4,"column":17}},"loc":{"start":{"line":4,"column":32},"end":{"line":29,"column":1}},"line":4},"1":{"name":"(anonymous_1)","decl":{"start":{"line":14,"column":27},"end":{"line":14,"column":28}},"loc":{"start":{"line":14,"column":33},"end":{"line":16,"column":3}},"line":14},"2":{"name":"(anonymous_2)","decl":{"start":{"line":21,"column":20},"end":{"line":21,"column":21}},"loc":{"start":{"line":21,"column":26},"end":{"line":21,"column":40}},"line":21},"3":{"name":"(anonymous_3)","decl":{"start":{"line":22,"column":20},"end":{"line":22,"column":21}},"loc":{"start":{"line":22,"column":26},"end":{"line":22,"column":41}},"line":22}},"branchMap":{"0":{"loc":{"start":{"line":10,"column":2},"end":{"line":12,"column":3}},"type":"if","locations":[{"start":{"line":10,"column":2},"end":{"line":12,"column":3}},{"start":{},"end":{}}],"line":10}},"s":{"0":1,"1":3,"2":3,"3":3,"4":3,"5":1,"6":3,"7":0,"8":3,"9":1,"10":1},"f":{"0":3,"1":0,"2":1,"3":1},"b":{"0":[1,2]},"_coverageSchema":"1a1c01bbd47fc00a2c39e90264f33305004495a9","hash":"7055ad2ac168c2fb7f54b170589f3e9868651f44"}
,"/Users/subhashchandra/react-concepts/src/components/form/index.jsx": {"path":"/Users/subhashchandra/react-concepts/src/components/form/index.jsx","statementMap":{"0":{"start":{"line":6,"column":13},"end":{"line":105,"column":1}},"1":{"start":{"line":7,"column":34},"end":{"line":13,"column":4}},"2":{"start":{"line":15,"column":71},"end":{"line":15,"column":79}},"3":{"start":{"line":17,"column":20},"end":{"line":17,"column":29}},"4":{"start":{"line":18,"column":20},"end":{"line":18,"column":29}},"5":{"start":{"line":20,"column":29},"end":{"line":30,"column":3}},"6":{"start":{"line":23,"column":8},"end":{"line":23,"column":9}},"7":{"start":{"line":25,"column":4},"end":{"line":27,"column":5}},"8":{"start":{"line":26,"column":6},"end":{"line":26,"column":31}},"9":{"start":{"line":29,"column":4},"end":{"line":29,"column":48}},"10":{"start":{"line":32,"column":28},"end":{"line":36,"column":3}},"11":{"start":{"line":33,"column":4},"end":{"line":33,"column":23}},"12":{"start":{"line":34,"column":4},"end":{"line":34,"column":26}},"13":{"start":{"line":35,"column":4},"end":{"line":35,"column":23}},"14":{"start":{"line":38,"column":2},"end":{"line":104,"column":4}}},"fnMap":{"0":{"name":"(anonymous_0)","decl":{"start":{"line":6,"column":13},"end":{"line":6,"column":14}},"loc":{"start":{"line":6,"column":31},"end":{"line":105,"column":1}},"line":6},"1":{"name":"(anonymous_1)","decl":{"start":{"line":20,"column":29},"end":{"line":20,"column":30}},"loc":{"start":{"line":20,"column":36},"end":{"line":30,"column":3}},"line":20},"2":{"name":"(anonymous_2)","decl":{"start":{"line":32,"column":28},"end":{"line":32,"column":29}},"loc":{"start":{"line":32,"column":35},"end":{"line":36,"column":3}},"line":32}},"branchMap":{"0":{"loc":{"start":{"line":25,"column":4},"end":{"line":27,"column":5}},"type":"if","locations":[{"start":{"line":25,"column":4},"end":{"line":27,"column":5}},{"start":{},"end":{}}],"line":25}},"s":{"0":1,"1":35,"2":35,"3":35,"4":35,"5":35,"6":34,"7":34,"8":1,"9":34,"10":35,"11":1,"12":1,"13":1,"14":35},"f":{"0":35,"1":34,"2":1},"b":{"0":[1,33]},"_coverageSchema":"1a1c01bbd47fc00a2c39e90264f33305004495a9","hash":"2a0edf218f81177ee6d94d82d28319ba6fdb8315"}
,"/Users/subhashchandra/react-concepts/src/components/input/index.jsx": {"path":"/Users/subhashchandra/react-concepts/src/components/input/index.jsx","statementMap":{"0":{"start":{"line":3,"column":14},"end":{"line":5,"column":2}},"1":{"start":{"line":4,"column":4},"end":{"line":4,"column":41}}},"fnMap":{"0":{"name":"(anonymous_0)","decl":{"start":{"line":3,"column":25},"end":{"line":3,"column":26}},"loc":{"start":{"line":3,"column":40},"end":{"line":5,"column":1}},"line":3}},"branchMap":{},"s":{"0":1,"1":0},"f":{"0":0},"b":{},"_coverageSchema":"1a1c01bbd47fc00a2c39e90264f33305004495a9","hash":"2714b621719057b9a6fcbdad83fa443ca67120b2"}
,"/Users/subhashchandra/react-concepts/src/components/posts/index.jsx": {"path":"/Users/subhashchandra/react-concepts/src/components/posts/index.jsx","statementMap":{"0":{"start":{"line":5,"column":14},"end":{"line":36,"column":1}},"1":{"start":{"line":6,"column":28},"end":{"line":6,"column":39}},"2":{"start":{"line":7,"column":43},"end":{"line":7,"column":68}},"3":{"start":{"line":9,"column":2},"end":{"line":11,"column":3}},"4":{"start":{"line":10,"column":4},"end":{"line":10,"column":29}},"5":{"start":{"line":15,"column":22},"end":{"line":17,"column":3}},"6":{"start":{"line":16,"column":4},"end":{"line":16,"column":36}},"7":{"start":{"line":16,"column":24},"end":{"line":16,"column":34}},"8":{"start":{"line":19,"column":2},"end":{"line":35,"column":4}},"9":{"start":{"line":24,"column":10},"end":{"line":27,"column":15}}},"fnMap":{"0":{"name":"(anonymous_0)","decl":{"start":{"line":5,"column":14},"end":{"line":5,"column":15}},"loc":{"start":{"line":5,"column":20},"end":{"line":36,"column":1}},"line":5},"1":{"name":"(anonymous_1)","decl":{"start":{"line":15,"column":22},"end":{"line":15,"column":23}},"loc":{"start":{"line":15,"column":28},"end":{"line":17,"column":3}},"line":15},"2":{"name":"(anonymous_2)","decl":{"start":{"line":16,"column":13},"end":{"line":16,"column":14}},"loc":{"start":{"line":16,"column":24},"end":{"line":16,"column":34}},"line":16},"3":{"name":"(anonymous_3)","decl":{"start":{"line":23,"column":19},"end":{"line":23,"column":20}},"loc":{"start":{"line":24,"column":10},"end":{"line":27,"column":15}},"line":24}},"branchMap":{"0":{"loc":{"start":{"line":7,"column":28},"end":{"line":7,"column":38}},"type":"default-arg","locations":[{"start":{"line":7,"column":36},"end":{"line":7,"column":38}}],"line":7},"1":{"loc":{"start":{"line":9,"column":2},"end":{"line":11,"column":3}},"type":"if","locations":[{"start":{"line":9,"column":2},"end":{"line":11,"column":3}},{"start":{},"end":{}}],"line":9}},"s":{"0":1,"1":0,"2":0,"3":0,"4":0,"5":0,"6":0,"7":0,"8":0,"9":0},"f":{"0":0,"1":0,"2":0,"3":0},"b":{"0":[0],"1":[0,0]},"_coverageSchema":"1a1c01bbd47fc00a2c39e90264f33305004495a9","hash":"01b9784f0ca93af6032d146207393b62c22dcac5"}
,"/Users/subhashchandra/react-concepts/src/components/simpleCounter/counterWithCustomHook.js": {"path":"/Users/subhashchandra/react-concepts/src/components/simpleCounter/counterWithCustomHook.js","statementMap":{"0":{"start":{"line":3,"column":30},"end":{"line":11,"column":1}},"1":{"start":{"line":4,"column":33},"end":{"line":4,"column":46}},"2":{"start":{"line":5,"column":2},"end":{"line":10,"column":4}}},"fnMap":{"0":{"name":"(anonymous_0)","decl":{"start":{"line":3,"column":30},"end":{"line":3,"column":31}},"loc":{"start":{"line":3,"column":36},"end":{"line":11,"column":1}},"line":3}},"branchMap":{},"s":{"0":1,"1":1,"2":1},"f":{"0":1},"b":{},"_coverageSchema":"1a1c01bbd47fc00a2c39e90264f33305004495a9","hash":"f66fa5f6e5f13ed7640f06a428634a0d11e54f0b"}
,"/Users/subhashchandra/react-concepts/src/components/simpleCounter/hook.js": {"path":"/Users/subhashchandra/react-concepts/src/components/simpleCounter/hook.js","statementMap":{"0":{"start":{"line":3,"column":19},"end":{"line":11,"column":1}},"1":{"start":{"line":4,"column":32},"end":{"line":4,"column":47}},"2":{"start":{"line":6,"column":20},"end":{"line":8,"column":3}},"3":{"start":{"line":7,"column":4},"end":{"line":7,"column":33}},"4":{"start":{"line":7,"column":24},"end":{"line":7,"column":31}},"5":{"start":{"line":10,"column":2},"end":{"line":10,"column":32}}},"fnMap":{"0":{"name":"(anonymous_0)","decl":{"start":{"line":3,"column":19},"end":{"line":3,"column":20}},"loc":{"start":{"line":3,"column":34},"end":{"line":11,"column":1}},"line":3},"1":{"name":"(anonymous_1)","decl":{"start":{"line":6,"column":20},"end":{"line":6,"column":21}},"loc":{"start":{"line":6,"column":26},"end":{"line":8,"column":3}},"line":6},"2":{"name":"(anonymous_2)","decl":{"start":{"line":7,"column":15},"end":{"line":7,"column":16}},"loc":{"start":{"line":7,"column":24},"end":{"line":7,"column":31}},"line":7}},"branchMap":{"0":{"loc":{"start":{"line":3,"column":20},"end":{"line":3,"column":29}},"type":"default-arg","locations":[{"start":{"line":3,"column":28},"end":{"line":3,"column":29}}],"line":3}},"s":{"0":1,"1":4,"2":4,"3":1,"4":1,"5":4},"f":{"0":4,"1":1,"2":1},"b":{"0":[1]},"_coverageSchema":"1a1c01bbd47fc00a2c39e90264f33305004495a9","hash":"b88ca988bf1e1c7ccee42f817492ee0a9d278af1"}
,"/Users/subhashchandra/react-concepts/src/components/simpleCounter/index.js": {"path":"/Users/subhashchandra/react-concepts/src/components/simpleCounter/index.js","statementMap":{"0":{"start":{"line":3,"column":22},"end":{"line":11,"column":1}},"1":{"start":{"line":4,"column":28},"end":{"line":4,"column":39}},"2":{"start":{"line":5,"column":2},"end":{"line":10,"column":4}},"3":{"start":{"line":8,"column":29},"end":{"line":8,"column":55}},"4":{"start":{"line":8,"column":47},"end":{"line":8,"column":54}}},"fnMap":{"0":{"name":"(anonymous_0)","decl":{"start":{"line":3,"column":22},"end":{"line":3,"column":23}},"loc":{"start":{"line":3,"column":28},"end":{"line":11,"column":1}},"line":3},"1":{"name":"(anonymous_1)","decl":{"start":{"line":8,"column":23},"end":{"line":8,"column":24}},"loc":{"start":{"line":8,"column":29},"end":{"line":8,"column":55}},"line":8},"2":{"name":"(anonymous_2)","decl":{"start":{"line":8,"column":38},"end":{"line":8,"column":39}},"loc":{"start":{"line":8,"column":47},"end":{"line":8,"column":54}},"line":8}},"branchMap":{},"s":{"0":1,"1":3,"2":3,"3":1,"4":1},"f":{"0":3,"1":1,"2":1},"b":{},"_coverageSchema":"1a1c01bbd47fc00a2c39e90264f33305004495a9","hash":"e57bee686574352cc17a041ad2b558490babe26f"}
,"/Users/subhashchandra/react-concepts/src/components/users/index.jsx": {"path":"/Users/subhashchandra/react-concepts/src/components/users/index.jsx","statementMap":{"0":{"start":{"line":6,"column":14},"end":{"line":34,"column":1}},"1":{"start":{"line":7,"column":28},"end":{"line":7,"column":40}},"2":{"start":{"line":9,"column":19},"end":{"line":15,"column":3}},"3":{"start":{"line":10,"column":21},"end":{"line":12,"column":5}},"4":{"start":{"line":14,"column":4},"end":{"line":14,"column":19}},"5":{"start":{"line":17,"column":2},"end":{"line":33,"column":4}},"6":{"start":{"line":28,"column":12},"end":{"line":28,"column":37}}},"fnMap":{"0":{"name":"(anonymous_0)","decl":{"start":{"line":6,"column":14},"end":{"line":6,"column":15}},"loc":{"start":{"line":6,"column":20},"end":{"line":34,"column":1}},"line":6},"1":{"name":"(anonymous_1)","decl":{"start":{"line":9,"column":19},"end":{"line":9,"column":20}},"loc":{"start":{"line":9,"column":31},"end":{"line":15,"column":3}},"line":9},"2":{"name":"(anonymous_2)","decl":{"start":{"line":27,"column":21},"end":{"line":27,"column":22}},"loc":{"start":{"line":28,"column":12},"end":{"line":28,"column":37}},"line":28}},"branchMap":{"0":{"loc":{"start":{"line":20,"column":7},"end":{"line":24,"column":7}},"type":"binary-expr","locations":[{"start":{"line":20,"column":7},"end":{"line":20,"column":24}},{"start":{"line":21,"column":8},"end":{"line":23,"column":12}}],"line":20},"1":{"loc":{"start":{"line":25,"column":7},"end":{"line":31,"column":7}},"type":"binary-expr","locations":[{"start":{"line":25,"column":7},"end":{"line":25,"column":23}},{"start":{"line":26,"column":8},"end":{"line":30,"column":13}}],"line":25}},"s":{"0":1,"1":2,"2":2,"3":1,"4":1,"5":2,"6":2},"f":{"0":2,"1":1,"2":2},"b":{"0":[2,1],"1":[2,1]},"_coverageSchema":"1a1c01bbd47fc00a2c39e90264f33305004495a9","hash":"3baab25f17534eb2b98dd4aa78232153ebea3576"}
,"/Users/subhashchandra/react-concepts/src/store/counter-slice.jsx": {"path":"/Users/subhashchandra/react-concepts/src/store/counter-slice.jsx","statementMap":{"0":{"start":{"line":3,"column":21},"end":{"line":3,"column":49}},"1":{"start":{"line":6,"column":2},"end":{"line":12,"column":3}},"2":{"start":{"line":6,"column":15},"end":{"line":6,"column":16}},"3":{"start":{"line":7,"column":4},"end":{"line":11,"column":5}},"4":{"start":{"line":8,"column":6},"end":{"line":8,"column":33}},"5":{"start":{"line":10,"column":6},"end":{"line":10,"column":26}},"6":{"start":{"line":14,"column":2},"end":{"line":14,"column":16}},"7":{"start":{"line":17,"column":17},"end":{"line":30,"column":1}},"8":{"start":{"line":18,"column":2},"end":{"line":18,"column":52}},"9":{"start":{"line":19,"column":2},"end":{"line":29,"column":5}},"10":{"start":{"line":20,"column":4},"end":{"line":28,"column":5}},"11":{"start":{"line":21,"column":6},"end":{"line":23,"column":15}},"12":{"start":{"line":22,"column":8},"end":{"line":22,"column":35}},"13":{"start":{"line":25,"column":6},"end":{"line":27,"column":15}},"14":{"start":{"line":26,"column":8},"end":{"line":26,"column":17}},"15":{"start":{"line":32,"column":32},"end":{"line":39,"column":1}},"16":{"start":{"line":35,"column":21},"end":{"line":35,"column":43}},"17":{"start":{"line":37,"column":4},"end":{"line":37,"column":26}},"18":{"start":{"line":41,"column":21},"end":{"line":71,"column":2}},"19":{"start":{"line":46,"column":6},"end":{"line":46,"column":20}},"20":{"start":{"line":49,"column":6},"end":{"line":49,"column":20}},"21":{"start":{"line":52,"column":6},"end":{"line":52,"column":22}},"22":{"start":{"line":55,"column":6},"end":{"line":55,"column":36}},"23":{"start":{"line":59,"column":4},"end":{"line":69,"column":9}},"24":{"start":{"line":61,"column":8},"end":{"line":61,"column":33}},"25":{"start":{"line":64,"column":8},"end":{"line":64,"column":30}},"26":{"start":{"line":65,"column":8},"end":{"line":65,"column":38}},"27":{"start":{"line":68,"column":8},"end":{"line":68,"column":30}},"28":{"start":{"line":74,"column":2},"end":{"line":74,"column":22}}},"fnMap":{"0":{"name":"customFlat","decl":{"start":{"line":5,"column":9},"end":{"line":5,"column":19}},"loc":{"start":{"line":5,"column":38},"end":{"line":15,"column":1}},"line":5},"1":{"name":"(anonymous_1)","decl":{"start":{"line":17,"column":17},"end":{"line":17,"column":18}},"loc":{"start":{"line":17,"column":29},"end":{"line":30,"column":1}},"line":17},"2":{"name":"(anonymous_2)","decl":{"start":{"line":19,"column":14},"end":{"line":19,"column":15}},"loc":{"start":{"line":19,"column":35},"end":{"line":29,"column":3}},"line":19},"3":{"name":"(anonymous_3)","decl":{"start":{"line":21,"column":17},"end":{"line":21,"column":18}},"loc":{"start":{"line":21,"column":23},"end":{"line":23,"column":7}},"line":21},"4":{"name":"(anonymous_4)","decl":{"start":{"line":25,"column":17},"end":{"line":25,"column":18}},"loc":{"start":{"line":25,"column":23},"end":{"line":27,"column":7}},"line":25},"5":{"name":"(anonymous_5)","decl":{"start":{"line":34,"column":2},"end":{"line":34,"column":3}},"loc":{"start":{"line":34,"column":20},"end":{"line":38,"column":3}},"line":34},"6":{"name":"(anonymous_6)","decl":{"start":{"line":45,"column":4},"end":{"line":45,"column":5}},"loc":{"start":{"line":45,"column":23},"end":{"line":47,"column":5}},"line":45},"7":{"name":"(anonymous_7)","decl":{"start":{"line":48,"column":4},"end":{"line":48,"column":5}},"loc":{"start":{"line":48,"column":23},"end":{"line":50,"column":5}},"line":48},"8":{"name":"(anonymous_8)","decl":{"start":{"line":51,"column":4},"end":{"line":51,"column":5}},"loc":{"start":{"line":51,"column":17},"end":{"line":53,"column":5}},"line":51},"9":{"name":"(anonymous_9)","decl":{"start":{"line":54,"column":4},"end":{"line":54,"column":5}},"loc":{"start":{"line":54,"column":33},"end":{"line":56,"column":5}},"line":54},"10":{"name":"(anonymous_10)","decl":{"start":{"line":58,"column":17},"end":{"line":58,"column":18}},"loc":{"start":{"line":58,"column":30},"end":{"line":70,"column":3}},"line":58},"11":{"name":"(anonymous_11)","decl":{"start":{"line":60,"column":41},"end":{"line":60,"column":42}},"loc":{"start":{"line":60,"column":52},"end":{"line":62,"column":7}},"line":60},"12":{"name":"(anonymous_12)","decl":{"start":{"line":63,"column":43},"end":{"line":63,"column":44}},"loc":{"start":{"line":63,"column":62},"end":{"line":66,"column":7}},"line":63},"13":{"name":"(anonymous_13)","decl":{"start":{"line":67,"column":42},"end":{"line":67,"column":43}},"loc":{"start":{"line":67,"column":53},"end":{"line":69,"column":7}},"line":67}},"branchMap":{"0":{"loc":{"start":{"line":5,"column":25},"end":{"line":5,"column":36}},"type":"default-arg","locations":[{"start":{"line":5,"column":34},"end":{"line":5,"column":36}}],"line":5},"1":{"loc":{"start":{"line":7,"column":4},"end":{"line":11,"column":5}},"type":"if","locations":[{"start":{"line":7,"column":4},"end":{"line":11,"column":5}},{"start":{"line":9,"column":11},"end":{"line":11,"column":5}}],"line":7},"2":{"loc":{"start":{"line":20,"column":4},"end":{"line":28,"column":5}},"type":"if","locations":[{"start":{"line":20,"column":4},"end":{"line":28,"column":5}},{"start":{"line":24,"column":11},"end":{"line":28,"column":5}}],"line":20}},"s":{"0":1,"1":0,"2":0,"3":0,"4":0,"5":0,"6":0,"7":1,"8":0,"9":0,"10":0,"11":0,"12":0,"13":0,"14":0,"15":1,"16":0,"17":0,"18":1,"19":0,"20":0,"21":0,"22":0,"23":1,"24":0,"25":0,"26":0,"27":0,"28":1},"f":{"0":0,"1":0,"2":0,"3":0,"4":0,"5":0,"6":0,"7":0,"8":0,"9":0,"10":1,"11":0,"12":0,"13":0},"b":{"0":[0],"1":[0,0],"2":[0,0]},"_coverageSchema":"1a1c01bbd47fc00a2c39e90264f33305004495a9","hash":"3727166bdd61fcc0c5269264edf04f5555fe6f38"}
,"/Users/subhashchandra/react-concepts/src/store/index.jsx": {"path":"/Users/subhashchandra/react-concepts/src/store/index.jsx","statementMap":{"0":{"start":{"line":6,"column":14},"end":{"line":17,"column":2}},"1":{"start":{"line":13,"column":4},"end":{"line":15,"column":40}},"2":{"start":{"line":19,"column":38},"end":{"line":19,"column":50}},"3":{"start":{"line":25,"column":4},"end":{"line":25,"column":17}}},"fnMap":{"0":{"name":"(anonymous_0)","decl":{"start":{"line":12,"column":14},"end":{"line":12,"column":15}},"loc":{"start":{"line":12,"column":40},"end":{"line":16,"column":3}},"line":12}},"branchMap":{},"s":{"0":1,"1":1,"2":1,"3":1},"f":{"0":1},"b":{},"_coverageSchema":"1a1c01bbd47fc00a2c39e90264f33305004495a9","hash":"c03c173a0bf238bc4a2bca2468eb6defeaa57e6c"}
,"/Users/subhashchandra/react-concepts/src/store/posts-api-slice.jsx": {"path":"/Users/subhashchandra/react-concepts/src/store/posts-api-slice.jsx","statementMap":{"0":{"start":{"line":3,"column":22},"end":{"line":36,"column":2}},"1":{"start":{"line":8,"column":6},"end":{"line":8,"column":54}},"2":{"start":{"line":9,"column":6},"end":{"line":9,"column":21}},"3":{"start":{"line":13,"column":4},"end":{"line":34,"column":6}},"4":{"start":{"line":16,"column":10},"end":{"line":16,"column":58}},"5":{"start":{"line":21,"column":10},"end":{"line":21,"column":77}},"6":{"start":{"line":26,"column":10},"end":{"line":26,"column":59}},"7":{"start":{"line":31,"column":10},"end":{"line":31,"column":59}}},"fnMap":{"0":{"name":"(anonymous_0)","decl":{"start":{"line":7,"column":4},"end":{"line":7,"column":5}},"loc":{"start":{"line":7,"column":28},"end":{"line":10,"column":5}},"line":7},"1":{"name":"(anonymous_1)","decl":{"start":{"line":12,"column":13},"end":{"line":12,"column":14}},"loc":{"start":{"line":12,"column":26},"end":{"line":35,"column":3}},"line":12},"2":{"name":"(anonymous_2)","decl":{"start":{"line":15,"column":8},"end":{"line":15,"column":9}},"loc":{"start":{"line":15,"column":37},"end":{"line":17,"column":9}},"line":15},"3":{"name":"(anonymous_3)","decl":{"start":{"line":20,"column":8},"end":{"line":20,"column":9}},"loc":{"start":{"line":20,"column":45},"end":{"line":22,"column":9}},"line":20},"4":{"name":"(anonymous_4)","decl":{"start":{"line":25,"column":8},"end":{"line":25,"column":9}},"loc":{"start":{"line":25,"column":37},"end":{"line":27,"column":9}},"line":25},"5":{"name":"(anonymous_5)","decl":{"start":{"line":30,"column":8},"end":{"line":30,"column":9}},"loc":{"start":{"line":30,"column":37},"end":{"line":32,"column":9}},"line":30}},"branchMap":{"0":{"loc":{"start":{"line":15,"column":14},"end":{"line":15,"column":23}},"type":"default-arg","locations":[{"start":{"line":15,"column":22},"end":{"line":15,"column":23}}],"line":15},"1":{"loc":{"start":{"line":15,"column":25},"end":{"line":15,"column":35}},"type":"default-arg","locations":[{"start":{"line":15,"column":33},"end":{"line":15,"column":35}}],"line":15},"2":{"loc":{"start":{"line":20,"column":22},"end":{"line":20,"column":31}},"type":"default-arg","locations":[{"start":{"line":20,"column":30},"end":{"line":20,"column":31}}],"line":20},"3":{"loc":{"start":{"line":20,"column":33},"end":{"line":20,"column":43}},"type":"default-arg","locations":[{"start":{"line":20,"column":41},"end":{"line":20,"column":43}}],"line":20},"4":{"loc":{"start":{"line":25,"column":14},"end":{"line":25,"column":23}},"type":"default-arg","locations":[{"start":{"line":25,"column":22},"end":{"line":25,"column":23}}],"line":25},"5":{"loc":{"start":{"line":25,"column":25},"end":{"line":25,"column":35}},"type":"default-arg","locations":[{"start":{"line":25,"column":33},"end":{"line":25,"column":35}}],"line":25},"6":{"loc":{"start":{"line":30,"column":14},"end":{"line":30,"column":23}},"type":"default-arg","locations":[{"start":{"line":30,"column":22},"end":{"line":30,"column":23}}],"line":30},"7":{"loc":{"start":{"line":30,"column":25},"end":{"line":30,"column":35}},"type":"default-arg","locations":[{"start":{"line":30,"column":33},"end":{"line":30,"column":35}}],"line":30}},"s":{"0":1,"1":0,"2":0,"3":1,"4":0,"5":0,"6":0,"7":0},"f":{"0":0,"1":1,"2":0,"3":0,"4":0,"5":0},"b":{"0":[0],"1":[0],"2":[0],"3":[0],"4":[0],"5":[0],"6":[0],"7":[0]},"_coverageSchema":"1a1c01bbd47fc00a2c39e90264f33305004495a9","hash":"d9e683f9b04cd18c7d93500f4dfba1840b20c7f6"}
,"/Users/subhashchandra/react-concepts/src/store/todo-api-slice.jsx": {"path":"/Users/subhashchandra/react-concepts/src/store/todo-api-slice.jsx","statementMap":{"0":{"start":{"line":3,"column":21},"end":{"line":21,"column":2}},"1":{"start":{"line":8,"column":6},"end":{"line":8,"column":54}},"2":{"start":{"line":9,"column":6},"end":{"line":9,"column":21}},"3":{"start":{"line":13,"column":4},"end":{"line":19,"column":6}},"4":{"start":{"line":16,"column":10},"end":{"line":16,"column":58}}},"fnMap":{"0":{"name":"(anonymous_0)","decl":{"start":{"line":7,"column":4},"end":{"line":7,"column":5}},"loc":{"start":{"line":7,"column":28},"end":{"line":10,"column":5}},"line":7},"1":{"name":"(anonymous_1)","decl":{"start":{"line":12,"column":2},"end":{"line":12,"column":3}},"loc":{"start":{"line":12,"column":21},"end":{"line":20,"column":3}},"line":12},"2":{"name":"(anonymous_2)","decl":{"start":{"line":15,"column":8},"end":{"line":15,"column":9}},"loc":{"start":{"line":15,"column":37},"end":{"line":17,"column":9}},"line":15}},"branchMap":{"0":{"loc":{"start":{"line":15,"column":14},"end":{"line":15,"column":23}},"type":"default-arg","locations":[{"start":{"line":15,"column":22},"end":{"line":15,"column":23}}],"line":15},"1":{"loc":{"start":{"line":15,"column":25},"end":{"line":15,"column":35}},"type":"default-arg","locations":[{"start":{"line":15,"column":33},"end":{"line":15,"column":35}}],"line":15}},"s":{"0":1,"1":0,"2":0,"3":1,"4":0},"f":{"0":0,"1":1,"2":0},"b":{"0":[0],"1":[0]},"_coverageSchema":"1a1c01bbd47fc00a2c39e90264f33305004495a9","hash":"1b85c1a724436025dd2b72017e71e3866cfab1e5"}
,"/Users/subhashchandra/react-concepts/src/tests/for-bar-baz.js": {"path":"/Users/subhashchandra/react-concepts/src/tests/for-bar-baz.js","statementMap":{"0":{"start":{"line":1,"column":19},"end":{"line":1,"column":24}},"1":{"start":{"line":2,"column":19},"end":{"line":2,"column":30}},"2":{"start":{"line":2,"column":25},"end":{"line":2,"column":30}},"3":{"start":{"line":3,"column":21},"end":{"line":3,"column":26}}},"fnMap":{"0":{"name":"(anonymous_0)","decl":{"start":{"line":2,"column":19},"end":{"line":2,"column":20}},"loc":{"start":{"line":2,"column":25},"end":{"line":2,"column":30}},"line":2},"1":{"name":"(anonymous_1)","decl":{"start":{"line":3,"column":15},"end":{"line":3,"column":16}},"loc":{"start":{"line":3,"column":21},"end":{"line":3,"column":26}},"line":3}},"branchMap":{},"s":{"0":1,"1":1,"2":1,"3":0},"f":{"0":1,"1":0},"b":{},"_coverageSchema":"1a1c01bbd47fc00a2c39e90264f33305004495a9","hash":"a31617d62aa2b7daf28c6bae41142a0a0a29f210"}
,"/Users/subhashchandra/react-concepts/src/tests/forEach.js": {"path":"/Users/subhashchandra/react-concepts/src/tests/forEach.js","statementMap":{"0":{"start":{"line":2,"column":2},"end":{"line":4,"column":3}},"1":{"start":{"line":2,"column":15},"end":{"line":2,"column":16}},"2":{"start":{"line":3,"column":4},"end":{"line":3,"column":23}}},"fnMap":{"0":{"name":"forEach","decl":{"start":{"line":1,"column":9},"end":{"line":1,"column":16}},"loc":{"start":{"line":1,"column":34},"end":{"line":5,"column":1}},"line":1}},"branchMap":{},"s":{"0":1,"1":1,"2":2},"f":{"0":1},"b":{},"_coverageSchema":"1a1c01bbd47fc00a2c39e90264f33305004495a9","hash":"3c22d3ac59d647ecee8cf2508a4d755a7d57304b"}
,"/Users/subhashchandra/react-concepts/src/tests/sum.js": {"path":"/Users/subhashchandra/react-concepts/src/tests/sum.js","statementMap":{"0":{"start":{"line":2,"column":2},"end":{"line":2,"column":15}}},"fnMap":{"0":{"name":"sum","decl":{"start":{"line":1,"column":9},"end":{"line":1,"column":12}},"loc":{"start":{"line":1,"column":19},"end":{"line":3,"column":1}},"line":1}},"branchMap":{},"s":{"0":1},"f":{"0":1},"b":{},"_coverageSchema":"1a1c01bbd47fc00a2c39e90264f33305004495a9","hash":"7a3e5113f1b9551dc6367e07cc54e224dd71b771"}
,"/Users/subhashchandra/react-concepts/src/tests/users.js": {"path":"/Users/subhashchandra/react-concepts/src/tests/users.js","statementMap":{"0":{"start":{"line":5,"column":4},"end":{"line":8,"column":31}},"1":{"start":{"line":7,"column":21},"end":{"line":7,"column":29}},"2":{"start":{"line":8,"column":24},"end":{"line":8,"column":29}}},"fnMap":{"0":{"name":"(anonymous_0)","decl":{"start":{"line":4,"column":2},"end":{"line":4,"column":3}},"loc":{"start":{"line":4,"column":15},"end":{"line":9,"column":3}},"line":4},"1":{"name":"(anonymous_1)","decl":{"start":{"line":7,"column":12},"end":{"line":7,"column":13}},"loc":{"start":{"line":7,"column":21},"end":{"line":7,"column":29}},"line":7},"2":{"name":"(anonymous_2)","decl":{"start":{"line":8,"column":13},"end":{"line":8,"column":14}},"loc":{"start":{"line":8,"column":24},"end":{"line":8,"column":29}},"line":8}},"branchMap":{},"s":{"0":1,"1":1,"2":0},"f":{"0":1,"1":1,"2":0},"b":{},"_coverageSchema":"1a1c01bbd47fc00a2c39e90264f33305004495a9","hash":"7a8bf74ad4d4f072b9069cc063c2b4ae4354928c"}
}
