{"/Users/subhashchandra/react-concepts/src/tests/for-bar-baz.js": {"path":"/Users/subhashchandra/react-concepts/src/tests/for-bar-baz.js","statementMap":{"0":{"start":{"line":1,"column":19},"end":{"line":1,"column":24}},"1":{"start":{"line":2,"column":19},"end":{"line":2,"column":30}},"2":{"start":{"line":2,"column":25},"end":{"line":2,"column":30}},"3":{"start":{"line":3,"column":21},"end":{"line":3,"column":26}}},"fnMap":{"0":{"name":"(anonymous_0)","decl":{"start":{"line":2,"column":19},"end":{"line":2,"column":20}},"loc":{"start":{"line":2,"column":25},"end":{"line":2,"column":30}},"line":2},"1":{"name":"(anonymous_1)","decl":{"start":{"line":3,"column":15},"end":{"line":3,"column":16}},"loc":{"start":{"line":3,"column":21},"end":{"line":3,"column":26}},"line":3}},"branchMap":{},"s":{"0":1,"1":1,"2":1,"3":0},"f":{"0":1,"1":0},"b":{},"_coverageSchema":"1a1c01bbd47fc00a2c39e90264f33305004495a9","hash":"a31617d62aa2b7daf28c6bae41142a0a0a29f210"}
,"/Users/subhashchandra/react-concepts/src/tests/forEach.js": {"path":"/Users/subhashchandra/react-concepts/src/tests/forEach.js","statementMap":{"0":{"start":{"line":2,"column":2},"end":{"line":4,"column":3}},"1":{"start":{"line":2,"column":15},"end":{"line":2,"column":16}},"2":{"start":{"line":3,"column":4},"end":{"line":3,"column":23}}},"fnMap":{"0":{"name":"forEach","decl":{"start":{"line":1,"column":9},"end":{"line":1,"column":16}},"loc":{"start":{"line":1,"column":34},"end":{"line":5,"column":1}},"line":1}},"branchMap":{},"s":{"0":1,"1":1,"2":2},"f":{"0":1},"b":{},"_coverageSchema":"1a1c01bbd47fc00a2c39e90264f33305004495a9","hash":"3c22d3ac59d647ecee8cf2508a4d755a7d57304b"}
,"/Users/subhashchandra/react-concepts/src/tests/sum.js": {"path":"/Users/subhashchandra/react-concepts/src/tests/sum.js","statementMap":{"0":{"start":{"line":2,"column":2},"end":{"line":2,"column":15}}},"fnMap":{"0":{"name":"sum","decl":{"start":{"line":1,"column":9},"end":{"line":1,"column":12}},"loc":{"start":{"line":1,"column":19},"end":{"line":3,"column":1}},"line":1}},"branchMap":{},"s":{"0":1},"f":{"0":1},"b":{},"_coverageSchema":"1a1c01bbd47fc00a2c39e90264f33305004495a9","hash":"7a3e5113f1b9551dc6367e07cc54e224dd71b771"}
,"/Users/subhashchandra/react-concepts/src/tests/users.js": {"path":"/Users/subhashchandra/react-concepts/src/tests/users.js","statementMap":{"0":{"start":{"line":5,"column":4},"end":{"line":8,"column":31}},"1":{"start":{"line":7,"column":21},"end":{"line":7,"column":29}},"2":{"start":{"line":8,"column":24},"end":{"line":8,"column":29}}},"fnMap":{"0":{"name":"(anonymous_0)","decl":{"start":{"line":4,"column":2},"end":{"line":4,"column":3}},"loc":{"start":{"line":4,"column":15},"end":{"line":9,"column":3}},"line":4},"1":{"name":"(anonymous_1)","decl":{"start":{"line":7,"column":12},"end":{"line":7,"column":13}},"loc":{"start":{"line":7,"column":21},"end":{"line":7,"column":29}},"line":7},"2":{"name":"(anonymous_2)","decl":{"start":{"line":8,"column":13},"end":{"line":8,"column":14}},"loc":{"start":{"line":8,"column":24},"end":{"line":8,"column":29}},"line":8}},"branchMap":{},"s":{"0":1,"1":1,"2":0},"f":{"0":1,"1":1,"2":0},"b":{},"_coverageSchema":"1a1c01bbd47fc00a2c39e90264f33305004495a9","hash":"7a8bf74ad4d4f072b9069cc063c2b4ae4354928c"}
}
