TN:
SF:src/tests/for-bar-baz.js
FN:2,(anonymous_0)
FN:3,(anonymous_1)
FNF:2
FNH:1
FNDA:1,(anonymous_0)
FNDA:0,(anonymous_1)
DA:1,1
DA:2,1
DA:3,0
LF:3
LH:2
BRF:0
BRH:0
end_of_record
TN:
SF:src/tests/forEach.js
FN:1,forEach
FNF:1
FNH:1
FNDA:1,forEach
DA:2,1
DA:3,2
LF:2
LH:2
BRF:0
BRH:0
end_of_record
TN:
SF:src/tests/sum.js
FN:1,sum
FNF:1
FNH:1
FNDA:1,sum
DA:2,1
LF:1
LH:1
BRF:0
BRH:0
end_of_record
TN:
SF:src/tests/users.js
FN:4,(anonymous_0)
FN:7,(anonymous_1)
FN:8,(anonymous_2)
FNF:3
FNH:2
FNDA:1,(anonymous_0)
FNDA:1,(anonymous_1)
FNDA:0,(anonymous_2)
DA:5,1
DA:7,1
DA:8,0
LF:3
LH:2
BRF:0
BRH:0
end_of_record
