TN:
SF:src/components/Search/index.jsx
FN:4,(anonymous_0)
FN:13,(anonymous_1)
FN:16,(anonymous_2)
FN:20,(anonymous_3)
FN:21,loadUser
FN:29,(anonymous_5)
FNF:6
FNH:6
FNDA:5,(anonymous_0)
FNDA:2,(anonymous_1)
FNDA:5,(anonymous_2)
FNDA:2,(anonymous_3)
FNDA:2,loadUser
FNDA:1,(anonymous_5)
DA:4,1
DA:5,5
DA:13,1
DA:14,2
DA:16,1
DA:17,5
DA:18,5
DA:20,5
DA:22,2
DA:23,2
DA:26,2
DA:29,5
DA:30,1
DA:33,5
DA:35,5
LF:15
LH:15
BRDA:37,0,0,3
BRDA:37,0,1,2
BRDA:41,1,0,1
BRDA:41,1,1,4
BRF:4
BRH:4
end_of_record
TN:
SF:src/components/checkbox/index.jsx
FN:3,(anonymous_0)
FN:6,(anonymous_1)
FN:7,(anonymous_2)
FNF:3
FNH:3
FNDA:2,(anonymous_0)
FNDA:1,(anonymous_1)
FNDA:1,(anonymous_2)
DA:3,1
DA:4,2
DA:6,2
DA:7,1
DA:10,2
LF:5
LH:5
BRDA:13,0,0,1
BRDA:13,0,1,1
BRF:2
BRH:2
end_of_record
TN:
SF:src/components/counterController/counter.jsx
FN:4,(anonymous_0)
FN:14,(anonymous_1)
FN:21,(anonymous_2)
FN:22,(anonymous_3)
FNF:4
FNH:3
FNDA:3,(anonymous_0)
FNDA:0,(anonymous_1)
FNDA:1,(anonymous_2)
FNDA:1,(anonymous_3)
DA:4,1
DA:5,3
DA:6,3
DA:8,3
DA:10,3
DA:11,1
DA:14,3
DA:15,0
DA:18,3
DA:21,1
DA:22,1
LF:11
LH:10
BRDA:10,0,0,1
BRDA:10,0,1,2
BRF:2
BRH:2
end_of_record
TN:
SF:src/components/users/index.jsx
FN:6,(anonymous_0)
FN:9,(anonymous_1)
FN:27,(anonymous_2)
FNF:3
FNH:3
FNDA:2,(anonymous_0)
FNDA:1,(anonymous_1)
FNDA:2,(anonymous_2)
DA:6,1
DA:7,2
DA:9,2
DA:10,1
DA:14,1
DA:17,2
DA:28,2
LF:7
LH:7
BRDA:20,0,0,2
BRDA:20,0,1,1
BRDA:25,1,0,2
BRDA:25,1,1,1
BRF:4
BRH:4
end_of_record
TN:
SF:src/tests/for-bar-baz.js
FN:2,(anonymous_0)
FN:3,(anonymous_1)
FNF:2
FNH:1
FNDA:1,(anonymous_0)
FNDA:0,(anonymous_1)
DA:1,1
DA:2,1
DA:3,0
LF:3
LH:2
BRF:0
BRH:0
end_of_record
TN:
SF:src/tests/forEach.js
FN:1,forEach
FNF:1
FNH:1
FNDA:1,forEach
DA:2,1
DA:3,2
LF:2
LH:2
BRF:0
BRH:0
end_of_record
TN:
SF:src/tests/sum.js
FN:1,sum
FNF:1
FNH:1
FNDA:1,sum
DA:2,1
LF:1
LH:1
BRF:0
BRH:0
end_of_record
TN:
SF:src/tests/users.js
FN:4,(anonymous_0)
FN:7,(anonymous_1)
FN:8,(anonymous_2)
FNF:3
FNH:2
FNDA:1,(anonymous_0)
FNDA:1,(anonymous_1)
FNDA:0,(anonymous_2)
DA:5,1
DA:7,1
DA:8,0
LF:3
LH:2
BRF:0
BRH:0
end_of_record
